<?xml version="1.0" encoding="UTF-8"?>
<testsuites>
  <testsuite name="filters" timestamp="2017-11-02T16:23:05" time="14.785" tests="0" failures="0" errors="0" skipped="0">
    <properties>
      <property name="specId" value="12e0ed1ba772b222137a03994242df2f"/>
      <property name="suiteName" value="Filters"/>
      <property name="capabilities" value="chrome"/>
      <property name="file" value="./src/features/filters.feature"/>
    </properties>
  </testsuite>
  <testsuite name="filter_by_neighbourhood_and_price" timestamp="2017-11-02T16:23:05" time="14.782" tests="8" failures="0" errors="1" skipped="5">
    <properties>
      <property name="specId" value="12e0ed1ba772b222137a03994242df2f"/>
      <property name="suiteName" value="Filter by 'Neighbourhood' and 'Price'"/>
      <property name="capabilities" value="chrome"/>
      <property name="file" value="./src/features/filters.feature"/>
    </properties>
    <testcase classname="chrome.filter_by_neighbourhood_and_price" name="i_open_the_url_https_yelp_com" time="35.04"/>
    <testcase classname="chrome.filter_by_neighbourhood_and_price" name="i_set_the_searchinput_to_restaurants" time="30.71"/>
    <testcase classname="chrome.filter_by_neighbourhood_and_price" name="append_pizza_next_to_text_within_search_bar" time="20.263">
      <error message="Step &quot;append &quot;Pizza&quot; next to text within search bar&quot; is not defined. You can ignore this error by setting&#xA;                              cucumberOpts.ignoreUndefinedDefinitions as true."/>
      <system-err>
        <![CDATA[
/Users/nicolasgonzalez/qa/training-qa-java-script/src/features/filters.feature:7
]]>
      </system-err>
    </testcase>
    <testcase classname="chrome.filter_by_neighbourhood_and_price" name="i_click_search_button_from_search_results_page" time="0">
      <skipped/>
    </testcase>
    <testcase classname="chrome.filter_by_neighbourhood_and_price" name="i_click_all_filters_button_from_filters_page" time="0">
      <skipped/>
    </testcase>
    <testcase classname="chrome.filter_by_neighbourhood_and_price" name="i_filter_by_financial_district_at_neighbourhoods_section" time="0">
      <skipped/>
    </testcase>
    <testcase classname="chrome.filter_by_neighbourhood_and_price" name="i_filter_by_2_1_at_price_section" time="0">
      <skipped/>
    </testcase>
    <testcase classname="chrome.filter_by_neighbourhood_and_price" name="i_get_results" time="0">
      <skipped/>
    </testcase>
  </testsuite>
</testsuites>